
SQL*Loader: Release 11.2.0.2.0 - Production on Tue Feb 11 18:38:47 2025

Copyright (c) 1982, 2009, Oracle and/or its affiliates.  All rights reserved.

Control File:   emp.ctl
Data File:      data.txt
  Bad File:     bad_rows.bad
  Discard File: discard_rows.dsc 
 (Allow all discards)

Number to load: ALL
Number to skip: 0
Errors allowed: 50
Bind array:     64 rows, maximum of 256000 bytes
Continuation:    none specified
Path used:      Conventional

Table EMPLOYEES, loaded when NAME = 0X53434f5454(character 'SCOTT')
Insert option in effect for this table: INSERT

   Column Name                  Position   Len  Term Encl Datatype
------------------------------ ---------- ----- ---- ---- ---------------------
NAME                                FIRST     *   ,  O(") CHARACTER            
JOB                                  NEXT     *   ,  O(") CHARACTER            
SAL                                  NEXT     *   ,  O(") CHARACTER            
DEPTNO                               NEXT     *   ,  O(") CHARACTER            

Record 1: Discarded - failed all WHEN clauses.
Record 2: Discarded - failed all WHEN clauses.
Record 4: Discarded - failed all WHEN clauses.
Record 5: Discarded - failed all WHEN clauses.
Record 6: Discarded - failed all WHEN clauses.

Table EMPLOYEES:
  1 Row successfully loaded.
  0 Rows not loaded due to data errors.
  5 Rows not loaded because all WHEN clauses were failed.
  0 Rows not loaded because all fields were null.


Space allocated for bind array:                  66048 bytes(64 rows)
Read   buffer bytes: 1048576

Total logical records skipped:          0
Total logical records read:             6
Total logical records rejected:         0
Total logical records discarded:        5

Run began on Tue Feb 11 18:38:47 2025
Run ended on Tue Feb 11 18:38:48 2025

Elapsed time was:     00:00:00.13
CPU time was:         00:00:00.00
